0 info it worked if it ends with ok
1 verbose cli [ 'node', '/usr/local/bin/npm', 'start' ]
2 info using npm@1.4.28
3 info using node@v0.10.33
4 verbose run-script [ 'prestart', 'start', 'poststart' ]
5 info prestart north-american-ninja@0.1.1
6 info start north-american-ninja@0.1.1
7 verbose unsafe-perm in lifecycle true
8 info north-american-ninja@0.1.1 Failed to exec start script
9 error north-american-ninja@0.1.1 start: `node ./bin/www`
9 error Exit status 8
10 error Failed at the north-american-ninja@0.1.1 start script.
10 error This is most likely a problem with the north-american-ninja package,
10 error not with npm itself.
10 error Tell the author that this fails on your system:
10 error     node ./bin/www
10 error You can get their info via:
10 error     npm owner ls north-american-ninja
10 error There is likely additional logging output above.
11 error System Darwin 14.1.0
12 error command "node" "/usr/local/bin/npm" "start"
13 error cwd /Users/pa015va/Documents/GitHub/north-american-ninja
14 error node -v v0.10.33
15 error npm -v 1.4.28
16 error code ELIFECYCLE
17 verbose exit [ 1, true ]
